yarn run v1.22.19
$ next build
info  - Linting and checking validity of types...
info  - Creating an optimized production build...
info  - Compiled successfully
info  - Collecting page data...
info  - Generating static pages (0/3)
info  - Generating static pages (3/3)
info  - Finalizing page optimization...

Route (pages)                              Size     First Load JS
┌ ○ /                                      4.36 kB        77.4 kB
├   /_app                                  0 B            73.1 kB
├ ○ /404                                   181 B          73.3 kB
└ λ /api/hello                             0 B            73.1 kB
+ First Load JS shared by all              74.9 kB
  ├ chunks/framework-243845dae5bb80aa.js   45.2 kB
  ├ chunks/main-9661fe22a3744d55.js        26.8 kB
  ├ chunks/pages/_app-a05f89111d7e59da.js  287 B
  ├ chunks/webpack-8fa1640cc84ba8fe.js     750 B
  └ css/91b128d5b8b171cd.css               1.83 kB

λ  (Server)  server-side renders at runtime (uses getInitialProps or getServerSideProps)
○  (Static)  automatically rendered as static HTML (uses no initial props)

Done in 2.57s.
